<?xml version="1.0" encoding="UTF-8"?>
<!-- Generated by org.testng.reporters.JUnitReportReporter -->
<testsuite hostname="MACPC261371" name="com.mop.qa.testrunner.ExecuteTest" tests="1" failures="0" timestamp="7 Nov 2019 12:28:35 GMT" time="26.417" errors="0">
  <testcase name="executeTest" time="26.417" classname="com.mop.qa.testrunner.ExecuteTest"/>
</testsuite> <!-- com.mop.qa.testrunner.ExecuteTest -->
