<?xml version="1.0" encoding="UTF-8"?>
<!-- Generated by org.testng.reporters.JUnitReportReporter -->
<testsuite hostname="pa150742" name="com.mop.qa.test.bvt.MatchAnalysis" tests="1" failures="0" timestamp="13 Jan 2017 06:20:47 GMT" time="64.523" errors="0">
  <testcase name="matchCheck" time="64.523" classname="com.mop.qa.test.bvt.MatchAnalysis"/>
</testsuite> <!-- com.mop.qa.test.bvt.MatchAnalysis -->
