<?xml version="1.0" encoding="UTF-8"?>
<!-- Generated by org.testng.reporters.JUnitReportReporter -->
<testsuite hostname="BLR-D-193MZL2" name="com.mop.qa.testrunner.RunCukesTest" tests="1" failures="0" timestamp="4 Dec 2019 03:31:27 GMT" time="21.715" errors="0">
  <testcase name="feature" time="21.715" classname="com.mop.qa.testrunner.RunCukesTest"/>
</testsuite> <!-- com.mop.qa.testrunner.RunCukesTest -->
